TN:
SF:config/mail.config.ts
FN:1,Configs
FNF:1
FNH:1
FNDA:16,Configs
DA:1,16
DA:2,16
DA:3,16
DA:4,16
DA:5,16
DA:6,16
DA:7,1
DA:8,1
LF:8
LH:8
BRDA:1,0,0,16
BRF:1
BRH:1
end_of_record
TN:
SF:src/app.ts
FNF:0
FNH:0
DA:1,1
DA:2,1
DA:3,1
DA:4,1
DA:5,1
DA:6,1
DA:7,1
DA:8,1
DA:9,1
DA:10,1
DA:11,1
DA:12,1
DA:13,1
DA:14,1
DA:15,9
DA:16,9
DA:17,9
DA:18,9
DA:19,9
DA:20,9
DA:21,9
DA:22,9
DA:23,9
DA:24,9
DA:25,1
DA:26,1
LF:26
LH:26
BRDA:14,0,0,9
BRF:1
BRH:1
end_of_record
TN:
SF:src/routes.ts
FNF:0
FNH:0
DA:1,1
DA:2,1
DA:3,1
DA:4,1
DA:5,1
DA:6,1
DA:7,1
DA:8,1
DA:9,1
DA:10,1
DA:11,1
DA:12,1
DA:13,1
DA:14,1
DA:15,1
DA:16,1
DA:17,1
DA:18,1
DA:19,1
DA:20,1
DA:21,1
DA:22,1
DA:23,1
DA:24,8
DA:25,1
DA:26,1
DA:27,1
DA:28,1
DA:29,1
DA:30,2
DA:31,1
DA:32,1
DA:33,2
DA:34,1
DA:35,1
DA:36,1
DA:37,1
DA:38,2
DA:39,1
DA:40,1
DA:41,0
DA:42,1
DA:43,1
DA:44,1
DA:45,8
DA:46,1
DA:47,1
DA:48,1
DA:49,1
DA:50,1
DA:51,2
DA:52,1
DA:53,1
DA:54,2
DA:55,1
DA:56,1
DA:57,1
DA:58,1
DA:59,2
DA:60,1
DA:61,1
DA:62,1
DA:63,1
DA:64,1
LF:64
LH:63
BRDA:23,0,0,8
BRDA:26,1,0,1
BRDA:29,2,0,2
BRDA:32,3,0,2
BRDA:37,4,0,2
BRDA:44,5,0,8
BRDA:47,6,0,1
BRDA:50,7,0,2
BRDA:53,8,0,2
BRDA:58,9,0,2
BRDA:61,10,0,1
BRF:11
BRH:11
end_of_record
TN:
SF:src/database/index.ts
FNF:0
FNH:0
DA:1,1
DA:2,1
DA:3,1
LF:3
LH:3
BRF:0
BRH:0
end_of_record
TN:
SF:src/database/migrations/1644065139009-CreateUsers.ts
FN:5,up
FN:38,down
FNF:2
FNH:0
FNDA:0,up
FNDA:0,down
DA:1,1
DA:2,1
DA:3,1
DA:4,1
DA:5,1
DA:6,0
DA:7,0
DA:8,0
DA:9,0
DA:10,0
DA:11,0
DA:12,0
DA:13,0
DA:14,0
DA:15,0
DA:16,0
DA:17,0
DA:18,0
DA:19,0
DA:20,0
DA:21,0
DA:22,0
DA:23,0
DA:24,0
DA:25,0
DA:26,0
DA:27,0
DA:28,0
DA:29,0
DA:30,0
DA:31,0
DA:32,0
DA:33,0
DA:34,0
DA:35,0
DA:36,0
DA:37,1
DA:38,1
DA:39,0
DA:40,0
DA:41,1
DA:42,1
LF:42
LH:9
BRF:0
BRH:0
end_of_record
TN:
SF:src/database/migrations/1644079935515-CreateCategories.ts
FN:5,up
FN:34,down
FNF:2
FNH:0
FNDA:0,up
FNDA:0,down
DA:1,1
DA:2,1
DA:3,1
DA:4,1
DA:5,1
DA:6,0
DA:7,0
DA:8,0
DA:9,0
DA:10,0
DA:11,0
DA:12,0
DA:13,0
DA:14,0
DA:15,0
DA:16,0
DA:17,0
DA:18,0
DA:19,0
DA:20,0
DA:21,0
DA:22,0
DA:23,0
DA:24,0
DA:25,0
DA:26,0
DA:27,0
DA:28,0
DA:29,0
DA:30,0
DA:31,0
DA:32,0
DA:33,1
DA:34,1
DA:35,0
DA:36,0
DA:37,1
DA:38,1
LF:38
LH:9
BRF:0
BRH:0
end_of_record
TN:
SF:src/database/migrations/1644080225804-CreateVideos.ts
FN:5,up
FN:50,down
FNF:2
FNH:0
FNDA:0,up
FNDA:0,down
DA:1,1
DA:2,1
DA:3,1
DA:4,1
DA:5,1
DA:6,0
DA:7,0
DA:8,0
DA:9,0
DA:10,0
DA:11,0
DA:12,0
DA:13,0
DA:14,0
DA:15,0
DA:16,0
DA:17,0
DA:18,0
DA:19,0
DA:20,0
DA:21,0
DA:22,0
DA:23,0
DA:24,0
DA:25,0
DA:26,0
DA:27,0
DA:28,0
DA:29,0
DA:30,0
DA:31,0
DA:32,0
DA:33,0
DA:34,0
DA:35,0
DA:36,0
DA:37,0
DA:38,0
DA:39,0
DA:40,0
DA:41,0
DA:42,0
DA:43,0
DA:44,0
DA:45,0
DA:46,0
DA:47,0
DA:48,0
DA:49,1
DA:50,1
DA:51,0
DA:52,0
DA:53,1
DA:54,1
LF:54
LH:9
BRF:0
BRH:0
end_of_record
TN:
SF:src/database/migrations/1644350774664-RefreshToken.ts
FN:5,up
FN:42,down
FNF:2
FNH:0
FNDA:0,up
FNDA:0,down
DA:1,1
DA:2,1
DA:3,1
DA:4,1
DA:5,1
DA:6,0
DA:7,0
DA:8,0
DA:9,0
DA:10,0
DA:11,0
DA:12,0
DA:13,0
DA:14,0
DA:15,0
DA:16,0
DA:17,0
DA:18,0
DA:19,0
DA:20,0
DA:21,0
DA:22,0
DA:23,0
DA:24,0
DA:25,0
DA:26,0
DA:27,0
DA:28,0
DA:29,0
DA:30,0
DA:31,0
DA:32,0
DA:33,0
DA:34,0
DA:35,0
DA:36,0
DA:37,0
DA:38,0
DA:39,0
DA:40,0
DA:41,1
DA:42,1
DA:43,0
DA:44,0
DA:45,1
DA:46,1
LF:46
LH:9
BRF:0
BRH:0
end_of_record
TN:
SF:src/entities/Category.ts
FN:15,Category
FNF:1
FNH:1
FNDA:46,Category
DA:1,1
DA:2,1
DA:3,1
DA:4,1
DA:5,1
DA:6,1
DA:7,1
DA:8,1
DA:9,1
DA:10,1
DA:11,1
DA:12,1
DA:13,1
DA:14,1
DA:15,1
DA:16,46
DA:17,46
DA:18,46
DA:19,46
DA:20,46
DA:21,46
DA:22,1
LF:22
LH:22
BRDA:15,0,0,46
BRF:1
BRH:1
end_of_record
TN:
SF:src/entities/RefreshToken.ts
FN:19,RefreshToken
FNF:1
FNH:1
FNDA:34,RefreshToken
DA:1,1
DA:2,1
DA:3,1
DA:4,1
DA:5,1
DA:6,1
DA:7,1
DA:8,1
DA:9,1
DA:10,1
DA:11,1
DA:12,1
DA:13,1
DA:14,1
DA:15,1
DA:16,1
DA:17,1
DA:18,1
DA:19,1
DA:20,34
DA:21,34
DA:22,34
DA:23,34
DA:24,34
DA:25,34
DA:26,1
LF:26
LH:26
BRDA:19,0,0,34
BRDA:13,1,0,33
BRF:2
BRH:2
end_of_record
TN:
SF:src/entities/User.ts
FN:17,User
FNF:1
FNH:1
FNDA:45,User
DA:1,1
DA:2,1
DA:3,1
DA:4,1
DA:5,1
DA:6,1
DA:7,1
DA:8,1
DA:9,1
DA:10,1
DA:11,1
DA:12,1
DA:13,1
DA:14,1
DA:15,1
DA:16,1
DA:17,1
DA:18,45
DA:19,45
DA:20,45
DA:21,45
DA:22,45
DA:23,45
DA:24,1
LF:24
LH:24
BRDA:17,0,0,45
BRF:1
BRH:1
end_of_record
TN:
SF:src/entities/Video.ts
FN:23,Video
FNF:1
FNH:1
FNDA:34,Video
DA:1,1
DA:2,1
DA:3,1
DA:4,1
DA:5,1
DA:6,1
DA:7,1
DA:8,1
DA:9,1
DA:10,1
DA:11,1
DA:12,1
DA:13,1
DA:14,1
DA:15,1
DA:16,1
DA:17,1
DA:18,1
DA:19,1
DA:20,1
DA:21,1
DA:22,1
DA:23,1
DA:24,34
DA:25,34
DA:26,34
DA:27,34
DA:28,34
DA:29,34
DA:30,1
LF:30
LH:30
BRDA:23,0,0,34
BRDA:17,1,0,33
BRF:2
BRH:2
end_of_record
TN:
SF:src/helpers/testHelper.ts
FN:8,TestHelper
FN:10,get instance
FN:20,setupTestDB
FN:31,teardownTestDB
FNF:4
FNH:4
FNDA:22,TestHelper
FNDA:44,get instance
FNDA:22,setupTestDB
FNDA:22,teardownTestDB
DA:1,1
DA:2,1
DA:3,1
DA:4,1
DA:5,1
DA:6,1
DA:7,1
DA:8,1
DA:9,1
DA:10,1
DA:11,44
DA:12,44
DA:13,44
DA:14,44
DA:15,1
DA:16,1
DA:17,1
DA:18,1
DA:19,1
DA:20,1
DA:21,22
DA:22,22
DA:23,22
DA:24,22
DA:25,22
DA:26,22
DA:27,22
DA:28,22
DA:29,22
DA:30,1
DA:31,1
DA:32,22
DA:33,22
DA:34,22
DA:35,1
DA:36,1
LF:36
LH:36
BRDA:8,0,0,22
BRDA:10,1,0,44
BRDA:11,2,0,22
BRDA:20,3,0,22
BRDA:31,4,0,22
BRF:5
BRH:5
end_of_record
TN:
SF:src/providers/implementations/GenerateRefreshToken.ts
FN:7,create
FN:16,findId
FN:21,save
FN:25,generateToken
FN:32,delete
FNF:5
FNH:4
FNDA:1,create
FNDA:0,findId
FNDA:1,save
FNDA:1,generateToken
FNDA:1,delete
DA:1,1
DA:2,1
DA:3,1
DA:4,1
DA:5,1
DA:6,1
DA:7,1
DA:8,1
DA:9,1
DA:10,1
DA:11,1
DA:12,1
DA:13,1
DA:14,1
DA:15,1
DA:16,1
DA:17,0
DA:18,0
DA:19,0
DA:20,0
DA:21,1
DA:22,1
DA:23,1
DA:24,1
DA:25,1
DA:26,1
DA:27,1
DA:28,1
DA:29,1
DA:30,1
DA:31,1
DA:32,1
DA:33,1
DA:34,1
DA:35,1
DA:36,1
DA:37,1
LF:37
LH:33
BRDA:7,0,0,1
BRDA:21,1,0,1
BRDA:25,2,0,1
BRDA:32,3,0,1
BRF:4
BRH:4
end_of_record
TN:
SF:src/providers/implementations/MailtrapMailProvider.ts
FN:8,MailtrapMailProvider
FN:18,sendMail
FNF:2
FNH:1
FNDA:16,MailtrapMailProvider
FNDA:0,sendMail
DA:1,1
DA:2,1
DA:3,1
DA:4,1
DA:5,1
DA:6,1
DA:7,1
DA:8,1
DA:9,16
DA:10,16
DA:11,16
DA:12,16
DA:13,16
DA:14,16
DA:15,16
DA:16,16
DA:17,16
DA:18,1
DA:19,0
DA:20,0
DA:21,0
DA:22,0
DA:23,0
DA:24,0
DA:25,0
DA:26,0
DA:27,0
DA:28,0
DA:29,0
DA:30,0
DA:31,0
DA:32,1
LF:32
LH:19
BRDA:8,0,0,16
BRF:1
BRH:1
end_of_record
TN:
SF:src/providers/implementations/RefreshTokenRepositoryInMemory.ts
FN:9,RefreshTokenRepositoryInMemory
FN:13,create
FN:31,findId
FN:35,save
FN:38,generateToken
FN:45,delete
FNF:6
FNH:5
FNDA:1,RefreshTokenRepositoryInMemory
FNDA:1,create
FNDA:0,findId
FNDA:1,save
FNDA:1,generateToken
FNDA:1,delete
DA:1,1
DA:2,1
DA:3,1
DA:4,1
DA:5,1
DA:6,1
DA:7,1
DA:8,1
DA:9,1
DA:10,1
DA:11,1
DA:12,1
DA:13,1
DA:14,1
DA:15,1
DA:16,1
DA:17,1
DA:18,1
DA:19,1
DA:20,1
DA:21,1
DA:22,1
DA:23,1
DA:24,1
DA:25,1
DA:26,1
DA:27,1
DA:28,1
DA:29,1
DA:30,1
DA:31,1
DA:32,0
DA:33,0
DA:34,0
DA:35,1
DA:36,1
DA:37,1
DA:38,1
DA:39,1
DA:40,1
DA:41,1
DA:42,1
DA:43,1
DA:44,1
DA:45,1
DA:46,1
DA:47,1
DA:48,1
DA:49,1
LF:49
LH:46
BRDA:9,0,0,1
BRDA:13,1,0,1
BRDA:35,2,0,1
BRDA:38,3,0,1
BRDA:45,4,0,1
BRF:5
BRH:5
end_of_record
TN:
SF:src/repositories/implementations/CategoriesRepositoryInMemory.ts
FN:5,CategoriesRepositoryInMemory
FN:8,findByName
FN:16,findById
FN:21,findAll
FN:26,create
FN:34,delete
FN:39,save
FNF:7
FNH:7
FNDA:6,CategoriesRepositoryInMemory
FNDA:9,findByName
FNDA:9,findById
FNDA:1,findAll
FNDA:8,create
FNDA:4,delete
FNDA:9,save
DA:1,1
DA:2,1
DA:3,1
DA:4,1
DA:5,6
DA:6,6
DA:7,6
DA:8,6
DA:9,9
DA:10,9
DA:11,9
DA:12,9
DA:13,9
DA:14,9
DA:15,6
DA:16,6
DA:17,9
DA:18,9
DA:19,9
DA:20,6
DA:21,6
DA:22,1
DA:23,1
DA:24,1
DA:25,6
DA:26,6
DA:27,8
DA:28,8
DA:29,8
DA:30,8
DA:31,8
DA:32,8
DA:33,6
DA:34,6
DA:35,4
DA:36,4
DA:37,4
DA:38,6
DA:39,6
DA:40,9
DA:41,9
DA:42,6
LF:42
LH:42
BRDA:5,0,0,6
BRDA:8,1,0,9
BRDA:10,2,0,7
BRDA:16,3,0,9
BRDA:17,4,0,16
BRDA:21,5,0,1
BRDA:26,6,0,8
BRDA:34,7,0,4
BRDA:35,8,0,8
BRDA:39,9,0,9
BRF:10
BRH:10
end_of_record
TN:
SF:src/repositories/implementations/MySQLCategoriesRepository.ts
FN:6,findByName
FN:12,findById
FN:18,findAll
FN:24,create
FN:30,delete
FN:35,save
FNF:6
FNH:6
FNDA:8,findByName
FNDA:6,findById
FNDA:1,findAll
FNDA:6,create
FNDA:1,delete
FNDA:7,save
DA:1,1
DA:2,1
DA:3,1
DA:4,1
DA:5,1
DA:6,1
DA:7,8
DA:8,8
DA:9,8
DA:10,8
DA:11,1
DA:12,1
DA:13,6
DA:14,6
DA:15,6
DA:16,6
DA:17,1
DA:18,1
DA:19,1
DA:20,1
DA:21,1
DA:22,1
DA:23,1
DA:24,1
DA:25,6
DA:26,6
DA:27,6
DA:28,6
DA:29,1
DA:30,1
DA:31,1
DA:32,1
DA:33,1
DA:34,1
DA:35,1
DA:36,7
DA:37,7
DA:38,7
DA:39,1
LF:39
LH:39
BRDA:6,0,0,8
BRDA:12,1,0,6
BRDA:18,2,0,1
BRDA:24,3,0,6
BRDA:30,4,0,1
BRDA:35,5,0,7
BRF:6
BRH:6
end_of_record
TN:
SF:src/repositories/implementations/MySQLUsersRepository.ts
FN:6,findByEmail
FN:12,findById
FN:18,findAll
FN:24,create
FN:30,delete
FN:35,save
FNF:6
FNH:6
FNDA:10,findByEmail
FNDA:4,findById
FNDA:1,findAll
FNDA:7,create
FNDA:1,delete
FNDA:8,save
DA:1,1
DA:2,1
DA:3,1
DA:4,1
DA:5,1
DA:6,1
DA:7,10
DA:8,10
DA:9,10
DA:10,10
DA:11,1
DA:12,1
DA:13,4
DA:14,4
DA:15,4
DA:16,4
DA:17,1
DA:18,1
DA:19,1
DA:20,1
DA:21,1
DA:22,1
DA:23,1
DA:24,1
DA:25,7
DA:26,7
DA:27,7
DA:28,7
DA:29,1
DA:30,1
DA:31,1
DA:32,1
DA:33,1
DA:34,1
DA:35,1
DA:36,8
DA:37,8
DA:38,8
DA:39,1
LF:39
LH:39
BRDA:6,0,0,10
BRDA:12,1,0,4
BRDA:18,2,0,1
BRDA:24,3,0,7
BRDA:30,4,0,1
BRDA:35,5,0,8
BRF:6
BRH:6
end_of_record
TN:
SF:src/repositories/implementations/MySQLVideosRepository.ts
FN:6,findByName
FN:12,findById
FN:18,findAll
FN:26,create
FN:32,delete
FN:37,save
FNF:6
FNH:3
FNDA:0,findByName
FNDA:0,findById
FNDA:1,findAll
FNDA:1,create
FNDA:0,delete
FNDA:1,save
DA:1,1
DA:2,1
DA:3,1
DA:4,1
DA:5,1
DA:6,1
DA:7,0
DA:8,0
DA:9,0
DA:10,0
DA:11,1
DA:12,1
DA:13,0
DA:14,0
DA:15,0
DA:16,0
DA:17,1
DA:18,1
DA:19,1
DA:20,1
DA:21,1
DA:22,1
DA:23,1
DA:24,1
DA:25,1
DA:26,1
DA:27,1
DA:28,1
DA:29,1
DA:30,1
DA:31,1
DA:32,1
DA:33,0
DA:34,0
DA:35,0
DA:36,1
DA:37,1
DA:38,1
DA:39,1
DA:40,1
DA:41,1
LF:41
LH:30
BRDA:18,0,0,1
BRDA:26,1,0,1
BRDA:37,2,0,1
BRF:3
BRH:3
end_of_record
TN:
SF:src/repositories/implementations/UsersRepositoryInMemory.ts
FN:5,UsersRepositoryInMemory
FN:8,create
FN:17,findByEmail
FN:21,findById
FN:27,findAll
FN:32,delete
FN:38,save
FNF:7
FNH:7
FNDA:5,UsersRepositoryInMemory
FNDA:6,create
FNDA:9,findByEmail
FNDA:5,findById
FNDA:1,findAll
FNDA:2,delete
FNDA:7,save
DA:1,1
DA:2,1
DA:3,1
DA:4,1
DA:5,5
DA:6,5
DA:7,5
DA:8,5
DA:9,6
DA:10,6
DA:11,6
DA:12,6
DA:13,6
DA:14,6
DA:15,6
DA:16,5
DA:17,5
DA:18,9
DA:19,9
DA:20,9
DA:21,5
DA:22,5
DA:23,5
DA:24,5
DA:25,5
DA:26,5
DA:27,5
DA:28,1
DA:29,1
DA:30,1
DA:31,5
DA:32,5
DA:33,2
DA:34,2
DA:35,2
DA:36,2
DA:37,5
DA:38,5
DA:39,7
DA:40,7
DA:41,5
DA:42,1
DA:43,1
LF:43
LH:43
BRDA:5,0,0,5
BRDA:8,1,0,6
BRDA:17,2,0,9
BRDA:18,3,0,8
BRDA:21,4,0,5
BRDA:22,5,0,8
BRDA:27,6,0,1
BRDA:32,7,0,2
BRDA:33,8,0,2
BRDA:38,9,0,7
BRF:10
BRH:10
end_of_record
TN:
SF:src/repositories/implementations/VideosRepositoryInMemory.ts
FN:5,VideosRepositoryInMemory
FN:8,findByName
FN:13,findById
FN:18,findAll
FN:23,create
FN:31,delete
FN:36,save
FNF:7
FNH:4
FNDA:2,VideosRepositoryInMemory
FNDA:0,findByName
FNDA:0,findById
FNDA:1,findAll
FNDA:2,create
FNDA:0,delete
FNDA:2,save
DA:1,1
DA:2,1
DA:3,1
DA:4,1
DA:5,2
DA:6,2
DA:7,2
DA:8,2
DA:9,0
DA:10,0
DA:11,0
DA:12,2
DA:13,2
DA:14,0
DA:15,0
DA:16,0
DA:17,2
DA:18,2
DA:19,1
DA:20,1
DA:21,1
DA:22,2
DA:23,2
DA:24,2
DA:25,2
DA:26,2
DA:27,2
DA:28,2
DA:29,2
DA:30,2
DA:31,2
DA:32,0
DA:33,0
DA:34,0
DA:35,2
DA:36,2
DA:37,2
DA:38,2
DA:39,2
LF:39
LH:30
BRDA:5,0,0,2
BRDA:18,1,0,1
BRDA:23,2,0,2
BRDA:36,3,0,2
BRF:4
BRH:4
end_of_record
TN:
SF:src/useCases/Authenticate/AuthenticateUser/AuthenticateUserController.ts
FN:5,AuthenticateUserController
FN:9,handle
FNF:2
FNH:2
FNDA:11,AuthenticateUserController
FNDA:2,handle
DA:1,1
DA:2,1
DA:3,1
DA:4,1
DA:5,1
DA:6,11
DA:7,11
DA:8,1
DA:9,1
DA:10,2
DA:11,2
DA:12,2
DA:13,2
DA:14,2
DA:15,2
DA:16,1
DA:17,1
DA:18,1
DA:19,1
LF:19
LH:19
BRDA:5,0,0,11
BRDA:9,1,0,2
BRDA:16,2,0,1
BRF:3
BRH:3
end_of_record
TN:
SF:src/useCases/Authenticate/AuthenticateUser/AuthenticateUserUseCase.ts
FN:8,AuthenticateUserUseCase
FN:12,execute
FNF:2
FNH:2
FNDA:12,AuthenticateUserUseCase
FNDA:4,execute
DA:1,1
DA:2,1
DA:3,1
DA:4,1
DA:5,1
DA:6,1
DA:7,1
DA:8,1
DA:9,12
DA:10,12
DA:11,12
DA:12,1
DA:13,4
DA:14,4
DA:15,4
DA:16,2
DA:17,2
DA:18,2
DA:19,2
DA:20,4
DA:21,0
DA:22,0
DA:23,2
DA:24,2
DA:25,2
DA:26,2
DA:27,2
DA:28,2
DA:29,2
DA:30,2
DA:31,2
DA:32,1
LF:32
LH:30
BRDA:8,0,0,12
BRDA:12,1,0,4
BRDA:15,2,0,2
BRDA:20,3,0,0
BRDA:23,4,0,2
BRF:5
BRH:4
end_of_record
TN:
SF:src/useCases/Authenticate/AuthenticateUser/index.ts
FNF:0
FNH:0
DA:1,1
DA:2,1
DA:3,1
DA:4,1
DA:5,1
DA:6,1
DA:7,1
DA:8,1
DA:9,1
DA:10,1
DA:11,1
DA:12,1
DA:13,1
DA:14,1
DA:15,1
DA:16,1
DA:17,1
DA:18,1
LF:18
LH:18
BRF:0
BRH:0
end_of_record
TN:
SF:src/useCases/Authenticate/GenaerateToken/RefreshTokenUserController.ts
FN:5,RefreshTokenUserController
FN:8,handle
FNF:2
FNH:1
FNDA:11,RefreshTokenUserController
FNDA:0,handle
DA:1,1
DA:2,1
DA:3,1
DA:4,1
DA:5,1
DA:6,11
DA:7,11
DA:8,1
DA:9,0
DA:10,0
DA:11,0
DA:12,0
DA:13,0
DA:14,0
DA:15,0
DA:16,0
DA:17,1
LF:17
LH:9
BRDA:5,0,0,11
BRF:1
BRH:1
end_of_record
TN:
SF:src/useCases/Authenticate/GenaerateToken/RefreshTokenUserUseCase.ts
FN:6,RefreshTokenUserUseCase
FN:9,execute
FNF:2
FNH:1
FNDA:11,RefreshTokenUserUseCase
FNDA:0,execute
DA:1,1
DA:2,1
DA:3,1
DA:4,1
DA:5,1
DA:6,1
DA:7,11
DA:8,11
DA:9,1
DA:10,0
DA:11,0
DA:12,0
DA:13,0
DA:14,0
DA:15,0
DA:16,0
DA:17,0
DA:18,0
DA:19,0
DA:20,0
DA:21,0
DA:22,0
DA:23,0
DA:24,0
DA:25,0
DA:26,0
DA:27,0
DA:28,1
LF:28
LH:10
BRDA:6,0,0,11
BRF:1
BRH:1
end_of_record
TN:
SF:src/useCases/Authenticate/GenaerateToken/index.ts
FNF:0
FNH:0
DA:1,1
DA:2,1
DA:3,1
DA:4,1
DA:5,1
DA:6,1
DA:7,1
DA:8,1
DA:9,1
DA:10,1
DA:11,1
DA:12,1
DA:13,1
DA:14,1
DA:15,1
DA:16,1
DA:17,1
LF:17
LH:17
BRF:0
BRH:0
end_of_record
TN:
SF:src/useCases/Category/CreateCategory/CreateCategoryController.ts
FN:5,CreateCategoryController
FN:9,handle
FNF:2
FNH:2
FNDA:11,CreateCategoryController
FNDA:8,handle
DA:1,1
DA:2,1
DA:3,1
DA:4,1
DA:5,1
DA:6,11
DA:7,11
DA:8,1
DA:9,1
DA:10,8
DA:11,8
DA:12,8
DA:13,8
DA:14,8
DA:15,8
DA:16,8
DA:17,8
DA:18,8
DA:19,8
DA:20,8
DA:21,1
LF:21
LH:21
BRDA:5,0,0,11
BRDA:9,1,0,8
BRF:2
BRH:2
end_of_record
TN:
SF:src/useCases/Category/CreateCategory/CreateCategoryUseCase.ts
FN:8,CreateCategoryUseCase
FN:12,execute
FNF:2
FNH:2
FNDA:17,CreateCategoryUseCase
FNDA:17,execute
DA:1,1
DA:2,1
DA:3,1
DA:4,1
DA:5,1
DA:6,1
DA:7,1
DA:8,1
DA:9,17
DA:10,17
DA:11,17
DA:12,1
DA:13,17
DA:14,17
DA:15,17
DA:16,3
DA:17,3
DA:18,17
DA:19,17
DA:20,17
DA:21,17
DA:22,17
DA:23,17
DA:24,1
LF:24
LH:24
BRDA:8,0,0,17
BRDA:12,1,0,17
BRDA:15,2,0,3
BRF:3
BRH:3
end_of_record
TN:
SF:src/useCases/Category/CreateCategory/index.ts
FNF:0
FNH:0
DA:1,1
DA:2,1
DA:3,1
DA:4,1
DA:5,1
DA:6,1
DA:7,1
DA:8,1
DA:9,1
DA:10,1
DA:11,1
DA:12,1
DA:13,1
DA:14,1
DA:15,1
LF:15
LH:15
BRF:0
BRH:0
end_of_record
TN:
SF:src/useCases/Category/DeleteCategory/DeleteCategoryController.ts
FN:4,DeleteCategoryController
FN:8,handle
FNF:2
FNH:2
FNDA:11,DeleteCategoryController
FNDA:2,handle
DA:1,1
DA:2,1
DA:3,1
DA:4,1
DA:5,11
DA:6,11
DA:7,1
DA:8,1
DA:9,2
DA:10,2
DA:11,2
DA:12,2
DA:13,1
DA:14,1
DA:15,1
LF:15
LH:15
BRDA:4,0,0,11
BRDA:8,1,0,2
BRDA:13,2,0,1
BRF:3
BRH:3
end_of_record
TN:
SF:src/useCases/Category/DeleteCategory/DeleteCategoryUseCase.ts
FN:5,DeleteCategoryUseCase
FN:8,execute
FNF:2
FNH:2
FNDA:12,DeleteCategoryUseCase
FNDA:6,execute
DA:1,1
DA:2,1
DA:3,1
DA:4,1
DA:5,1
DA:6,12
DA:7,12
DA:8,1
DA:9,6
DA:10,6
DA:11,1
DA:12,1
DA:13,5
DA:14,5
DA:15,5
DA:16,1
LF:16
LH:16
BRDA:5,0,0,12
BRDA:8,1,0,6
BRDA:10,2,0,5
BRDA:10,3,0,1
BRF:4
BRH:4
end_of_record
TN:
SF:src/useCases/Category/DeleteCategory/index.ts
FNF:0
FNH:0
DA:1,1
DA:2,1
DA:3,1
DA:4,1
DA:5,1
DA:6,1
DA:7,1
DA:8,1
DA:9,1
DA:10,1
DA:11,1
DA:12,1
DA:13,1
DA:14,1
DA:15,1
LF:15
LH:15
BRF:0
BRH:0
end_of_record
TN:
SF:src/useCases/Category/GetALCategory/GetAllCategoryController.ts
FN:5,GetAllCategoryController
FN:9,handle
FNF:2
FNH:2
FNDA:11,GetAllCategoryController
FNDA:1,handle
DA:1,1
DA:2,1
DA:3,1
DA:4,1
DA:5,1
DA:6,11
DA:7,11
DA:8,1
DA:9,1
DA:10,1
DA:11,1
DA:12,1
DA:13,1
DA:14,0
DA:15,0
DA:16,0
DA:17,0
DA:18,1
DA:19,1
LF:19
LH:15
BRDA:5,0,0,11
BRDA:9,1,0,1
BRDA:13,2,0,0
BRF:3
BRH:2
end_of_record
TN:
SF:src/useCases/Category/GetALCategory/GetAllCategoryUseCase.ts
FN:4,GetAllCategoryUseCase
FN:7,execute
FNF:2
FNH:2
FNDA:12,GetAllCategoryUseCase
FNDA:2,execute
DA:1,1
DA:2,1
DA:3,1
DA:4,1
DA:5,12
DA:6,12
DA:7,1
DA:8,2
DA:9,2
DA:10,2
DA:11,1
LF:11
LH:11
BRDA:4,0,0,12
BRDA:7,1,0,2
BRF:2
BRH:2
end_of_record
TN:
SF:src/useCases/Category/GetALCategory/index.ts
FNF:0
FNH:0
DA:1,1
DA:2,1
DA:3,1
DA:4,1
DA:5,1
DA:6,1
DA:7,1
DA:8,1
DA:9,1
DA:10,1
DA:11,1
DA:12,1
DA:13,1
DA:14,1
DA:15,1
DA:16,1
LF:16
LH:16
BRF:0
BRH:0
end_of_record
TN:
SF:src/useCases/Category/UpdateCategory/UpdateCategoryController.ts
FN:5,UpdateCategoryController
FN:9,handle
FNF:2
FNH:2
FNDA:11,UpdateCategoryController
FNDA:2,handle
DA:1,1
DA:2,1
DA:3,1
DA:4,1
DA:5,1
DA:6,11
DA:7,11
DA:8,1
DA:9,1
DA:10,2
DA:11,2
DA:12,2
DA:13,2
DA:14,1
DA:15,1
DA:16,1
DA:17,1
LF:17
LH:17
BRDA:5,0,0,11
BRDA:9,1,0,2
BRDA:14,2,0,1
BRF:3
BRH:3
end_of_record
TN:
SF:src/useCases/Category/UpdateCategory/UpdateCategoryUseCase.ts
FN:7,UpdateCategoryUseCase
FN:10,execute
FNF:2
FNH:2
FNDA:12,UpdateCategoryUseCase
FNDA:4,execute
DA:1,1
DA:2,1
DA:3,1
DA:4,1
DA:5,1
DA:6,1
DA:7,1
DA:8,12
DA:9,12
DA:10,1
DA:11,4
DA:12,4
DA:13,2
DA:14,2
DA:15,2
DA:16,4
DA:17,4
DA:18,4
DA:19,4
DA:20,4
DA:21,4
DA:22,1
LF:22
LH:22
BRDA:7,0,0,12
BRDA:10,1,0,4
BRDA:12,2,0,2
BRDA:16,3,0,0
BRDA:17,4,0,2
BRDA:17,5,0,0
BRF:6
BRH:4
end_of_record
TN:
SF:src/useCases/Category/UpdateCategory/index.ts
FNF:0
FNH:0
DA:1,1
DA:2,1
DA:3,1
DA:4,1
DA:5,1
DA:6,1
DA:7,1
DA:8,1
DA:9,1
DA:10,1
DA:11,1
DA:12,1
DA:13,1
DA:14,1
DA:15,1
DA:16,1
LF:16
LH:16
BRF:0
BRH:0
end_of_record
TN:
SF:src/useCases/User/CreateUser/CreateUserController.ts
FN:5,CreateUserController
FN:9,handle
FNF:2
FNH:2
FNDA:11,CreateUserController
FNDA:8,handle
DA:1,1
DA:2,1
DA:3,1
DA:4,1
DA:5,1
DA:6,11
DA:7,11
DA:8,1
DA:9,1
DA:10,8
DA:11,8
DA:12,8
DA:13,8
DA:14,8
DA:15,8
DA:16,8
DA:17,8
DA:18,1
LF:18
LH:18
BRDA:5,0,0,11
BRDA:9,1,0,8
BRF:2
BRH:2
end_of_record
TN:
SF:src/useCases/User/CreateUser/CreateUserUseCase.ts
FN:10,CreateUserUseCase
FN:14,execute
FNF:2
FNH:2
FNDA:16,CreateUserUseCase
FNDA:15,execute
DA:1,1
DA:2,1
DA:3,1
DA:4,1
DA:5,1
DA:6,1
DA:7,1
DA:8,1
DA:9,1
DA:10,1
DA:11,16
DA:12,16
DA:13,16
DA:14,1
DA:15,15
DA:16,15
DA:17,15
DA:18,15
DA:19,2
DA:20,2
DA:21,13
DA:22,13
DA:23,13
DA:24,13
DA:25,13
DA:26,13
DA:27,13
DA:28,13
DA:29,13
DA:30,13
DA:31,13
DA:32,13
DA:33,13
DA:34,13
DA:35,13
DA:36,13
DA:37,13
DA:38,13
DA:39,13
DA:40,1
LF:40
LH:40
BRDA:10,0,0,16
BRDA:14,1,0,15
BRDA:18,2,0,2
BRDA:21,3,0,13
BRF:4
BRH:4
end_of_record
TN:
SF:src/useCases/User/CreateUser/index.ts
FNF:0
FNH:0
DA:1,1
DA:2,1
DA:3,1
DA:4,1
DA:5,1
DA:6,1
DA:7,1
DA:8,1
DA:9,1
DA:10,1
DA:11,1
DA:12,1
DA:13,1
DA:14,1
DA:15,1
DA:16,1
DA:17,1
DA:18,1
LF:18
LH:18
BRF:0
BRH:0
end_of_record
TN:
SF:src/useCases/User/DeleteUser/DeleteUserController.ts
FN:4,DeleteUserController
FN:8,handle
FNF:2
FNH:2
FNDA:11,DeleteUserController
FNDA:2,handle
DA:1,1
DA:2,1
DA:3,1
DA:4,1
DA:5,11
DA:6,11
DA:7,1
DA:8,1
DA:9,2
DA:10,2
DA:11,2
DA:12,2
DA:13,1
DA:14,1
DA:15,1
LF:15
LH:15
BRDA:4,0,0,11
BRDA:8,1,0,2
BRDA:13,2,0,1
BRF:3
BRH:3
end_of_record
TN:
SF:src/useCases/User/DeleteUser/DeleteUserUseCase.ts
FN:5,DeleteUserUseCase
FN:8,execute
FNF:2
FNH:2
FNDA:12,DeleteUserUseCase
FNDA:5,execute
DA:1,1
DA:2,1
DA:3,1
DA:4,1
DA:5,1
DA:6,12
DA:7,12
DA:8,1
DA:9,5
DA:10,5
DA:11,5
DA:12,2
DA:13,2
DA:14,4
DA:15,4
DA:16,1
LF:16
LH:16
BRDA:5,0,0,12
BRDA:8,1,0,5
BRDA:11,2,0,4
BRDA:11,3,0,2
BRF:4
BRH:4
end_of_record
TN:
SF:src/useCases/User/DeleteUser/index.ts
FNF:0
FNH:0
DA:1,1
DA:2,1
DA:3,1
DA:4,1
DA:5,1
DA:6,1
DA:7,1
DA:8,1
DA:9,1
DA:10,1
DA:11,1
DA:12,1
DA:13,1
DA:14,1
LF:14
LH:14
BRF:0
BRH:0
end_of_record
TN:
SF:src/useCases/User/GetAllUser/GetAllUserController.ts
FN:5,GetAllUserController
FN:9,handle
FNF:2
FNH:2
FNDA:11,GetAllUserController
FNDA:1,handle
DA:1,1
DA:2,1
DA:3,1
DA:4,1
DA:5,1
DA:6,11
DA:7,11
DA:8,1
DA:9,1
DA:10,1
DA:11,1
DA:12,1
DA:13,1
DA:14,1
DA:15,1
DA:16,0
DA:17,0
DA:18,0
DA:19,0
DA:20,1
DA:21,1
LF:21
LH:17
BRDA:5,0,0,11
BRDA:9,1,0,1
BRDA:15,2,0,0
BRF:3
BRH:2
end_of_record
TN:
SF:src/useCases/User/GetAllUser/GetAllUserUseCase.ts
FN:6,GetAllUserUseCase
FN:9,execute
FNF:2
FNH:2
FNDA:12,GetAllUserUseCase
FNDA:2,execute
DA:1,1
DA:2,1
DA:3,1
DA:4,1
DA:5,1
DA:6,1
DA:7,12
DA:8,12
DA:9,1
DA:10,2
DA:11,2
DA:12,2
DA:13,1
LF:13
LH:13
BRDA:6,0,0,12
BRDA:9,1,0,2
BRF:2
BRH:2
end_of_record
TN:
SF:src/useCases/User/GetAllUser/index.ts
FNF:0
FNH:0
DA:1,1
DA:2,1
DA:3,1
DA:4,1
DA:5,1
DA:6,1
DA:7,1
DA:8,1
DA:9,1
DA:10,1
DA:11,1
DA:12,1
DA:13,1
DA:14,1
DA:15,1
LF:15
LH:15
BRF:0
BRH:0
end_of_record
TN:
SF:src/useCases/User/UpdateUser/UpdateUserController.ts
FN:5,UpdateUserController
FN:9,handle
FNF:2
FNH:2
FNDA:11,UpdateUserController
FNDA:2,handle
DA:1,1
DA:2,1
DA:3,1
DA:4,1
DA:5,1
DA:6,11
DA:7,11
DA:8,1
DA:9,1
DA:10,2
DA:11,2
DA:12,2
DA:13,2
DA:14,1
DA:15,1
DA:16,1
DA:17,1
LF:17
LH:17
BRDA:5,0,0,11
BRDA:9,1,0,2
BRDA:14,2,0,1
BRF:3
BRH:3
end_of_record
TN:
SF:src/useCases/User/UpdateUser/UpdateUserUseCase.ts
FN:6,UpdateUserUseCase
FN:9,execute
FNF:2
FNH:2
FNDA:12,UpdateUserUseCase
FNDA:4,execute
DA:1,1
DA:2,1
DA:3,1
DA:4,1
DA:5,1
DA:6,1
DA:7,12
DA:8,12
DA:9,1
DA:10,4
DA:11,4
DA:12,2
DA:13,2
DA:14,2
DA:15,2
DA:16,4
DA:17,4
DA:18,4
DA:19,4
DA:20,4
DA:21,4
DA:22,4
DA:23,1
LF:23
LH:23
BRDA:6,0,0,12
BRDA:9,1,0,4
BRDA:11,2,0,2
BRDA:16,3,0,0
BRDA:17,4,0,2
BRDA:17,5,0,0
BRDA:18,6,0,2
BRDA:18,7,0,0
BRF:8
BRH:5
end_of_record
TN:
SF:src/useCases/User/UpdateUser/index.ts
FNF:0
FNH:0
DA:1,1
DA:2,1
DA:3,1
DA:4,1
DA:5,1
DA:6,1
DA:7,1
DA:8,1
DA:9,1
DA:10,1
DA:11,1
DA:12,1
DA:13,1
DA:14,1
DA:15,1
LF:15
LH:15
BRF:0
BRH:0
end_of_record
TN:
SF:src/useCases/Video/CreateVideo/CreateVideoController.ts
FN:5,CreateVideoController
FN:9,handle
FNF:2
FNH:2
FNDA:11,CreateVideoController
FNDA:2,handle
DA:1,1
DA:2,1
DA:3,1
DA:4,1
DA:5,1
DA:6,11
DA:7,11
DA:8,1
DA:9,1
DA:10,2
DA:11,2
DA:12,2
DA:13,2
DA:14,2
DA:15,2
DA:16,2
DA:17,2
DA:18,0
DA:19,0
DA:20,1
DA:21,1
DA:22,1
DA:23,1
LF:23
LH:21
BRDA:5,0,0,11
BRDA:9,1,0,2
BRDA:17,2,0,1
BRDA:17,3,0,0
BRDA:20,4,0,1
BRF:5
BRH:4
end_of_record
TN:
SF:src/useCases/Video/CreateVideo/CreateVideoUseCase.ts
FN:7,CreateVideoUseCase
FN:11,execute
FNF:2
FNH:2
FNDA:13,CreateVideoUseCase
FNDA:5,execute
DA:1,1
DA:2,1
DA:3,1
DA:4,1
DA:5,1
DA:6,1
DA:7,1
DA:8,13
DA:9,13
DA:10,13
DA:11,1
DA:12,5
DA:13,5
DA:14,5
DA:15,2
DA:16,2
DA:17,3
DA:18,3
DA:19,3
DA:20,3
DA:21,3
DA:22,3
DA:23,3
DA:24,3
DA:25,1
LF:25
LH:25
BRDA:7,0,0,13
BRDA:11,1,0,5
BRDA:14,2,0,3
BRDA:14,3,0,2
BRF:4
BRH:4
end_of_record
TN:
SF:src/useCases/Video/CreateVideo/index.ts
FNF:0
FNH:0
DA:1,1
DA:2,1
DA:3,1
DA:4,1
DA:5,1
DA:6,1
DA:7,1
DA:8,1
DA:9,1
DA:10,1
DA:11,1
DA:12,1
DA:13,1
DA:14,1
DA:15,1
DA:16,1
DA:17,1
DA:18,1
LF:18
LH:18
BRF:0
BRH:0
end_of_record
TN:
SF:src/useCases/Video/GetAllVideos/GetAllVideosController.ts
FN:5,GetAllVideosController
FN:9,handle
FNF:2
FNH:2
FNDA:11,GetAllVideosController
FNDA:1,handle
DA:1,1
DA:2,1
DA:3,1
DA:4,1
DA:5,1
DA:6,11
DA:7,11
DA:8,1
DA:9,1
DA:10,1
DA:11,1
DA:12,1
DA:13,1
DA:14,0
DA:15,0
DA:16,0
DA:17,0
DA:18,1
DA:19,1
LF:19
LH:15
BRDA:5,0,0,11
BRDA:9,1,0,1
BRDA:13,2,0,0
BRF:3
BRH:2
end_of_record
TN:
SF:src/useCases/Video/GetAllVideos/GetAllVideosUseCase.ts
FN:4,GetAllVideosUseCase
FN:7,execute
FNF:2
FNH:2
FNDA:12,GetAllVideosUseCase
FNDA:2,execute
DA:1,1
DA:2,1
DA:3,1
DA:4,1
DA:5,12
DA:6,12
DA:7,1
DA:8,2
DA:9,2
DA:10,2
DA:11,1
LF:11
LH:11
BRDA:4,0,0,12
BRDA:7,1,0,2
BRF:2
BRH:2
end_of_record
TN:
SF:src/useCases/Video/GetAllVideos/index.ts
FNF:0
FNH:0
DA:1,1
DA:2,1
DA:3,1
DA:4,1
DA:5,1
DA:6,1
DA:7,1
DA:8,1
DA:9,1
DA:10,1
DA:11,1
DA:12,1
DA:13,1
DA:14,1
DA:15,1
DA:16,1
LF:16
LH:16
BRF:0
BRH:0
end_of_record
